  [1m[36m (8.4ms)[0m  [1mCREATE TABLE "schema_migrations" ("version" character varying(255) NOT NULL) [0m
  [1m[35m (4.3ms)[0m  CREATE UNIQUE INDEX  "unique_schema_migrations" ON "schema_migrations"  ("version")
  [1m[36mActiveRecord::SchemaMigration Load (0.4ms)[0m  [1mSELECT "schema_migrations".* FROM "schema_migrations"[0m
Migrating to DeviseCreateUsers (20150129034419)
  [1m[35m (0.5ms)[0m  BEGIN
  [1m[36m (9.3ms)[0m  [1mCREATE TABLE "users" ("id" serial primary key, "email" character varying(255) DEFAULT '' NOT NULL, "encrypted_password" character varying(255) DEFAULT '' NOT NULL, "reset_password_token" character varying(255), "reset_password_sent_at" timestamp, "remember_created_at" timestamp, "sign_in_count" integer DEFAULT 0 NOT NULL, "current_sign_in_at" timestamp, "last_sign_in_at" timestamp, "current_sign_in_ip" inet, "last_sign_in_ip" inet, "created_at" timestamp, "updated_at" timestamp) [0m
  [1m[35m (1.1ms)[0m  CREATE UNIQUE INDEX  "index_users_on_email" ON "users"  ("email")
  [1m[36m (1.0ms)[0m  [1mCREATE UNIQUE INDEX  "index_users_on_reset_password_token" ON "users"  ("reset_password_token")[0m
  [1m[35mSQL (0.5ms)[0m  INSERT INTO "schema_migrations" ("version") VALUES ($1)  [["version", "20150129034419"]]
  [1m[36m (0.5ms)[0m  [1mCOMMIT[0m
  [1m[35mActiveRecord::SchemaMigration Load (0.4ms)[0m  SELECT "schema_migrations".* FROM "schema_migrations"


Started GET "/projects" for 127.0.0.1 at 2015-01-28 21:06:11 -0700
  [1m[36mActiveRecord::SchemaMigration Load (0.4ms)[0m  [1mSELECT "schema_migrations".* FROM "schema_migrations"[0m

ActionController::RoutingError (No route matches [GET] "/projects"):
  actionpack (4.1.0) lib/action_dispatch/middleware/debug_exceptions.rb:21:in `call'
  actionpack (4.1.0) lib/action_dispatch/middleware/show_exceptions.rb:30:in `call'
  railties (4.1.0) lib/rails/rack/logger.rb:38:in `call_app'
  railties (4.1.0) lib/rails/rack/logger.rb:20:in `block in call'
  activesupport (4.1.0) lib/active_support/tagged_logging.rb:68:in `block in tagged'
  activesupport (4.1.0) lib/active_support/tagged_logging.rb:26:in `tagged'
  activesupport (4.1.0) lib/active_support/tagged_logging.rb:68:in `tagged'
  railties (4.1.0) lib/rails/rack/logger.rb:20:in `call'
  actionpack (4.1.0) lib/action_dispatch/middleware/request_id.rb:21:in `call'
  rack (1.5.2) lib/rack/methodoverride.rb:21:in `call'
  rack (1.5.2) lib/rack/runtime.rb:17:in `call'
  activesupport (4.1.0) lib/active_support/cache/strategy/local_cache_middleware.rb:26:in `call'
  rack (1.5.2) lib/rack/lock.rb:17:in `call'
  actionpack (4.1.0) lib/action_dispatch/middleware/static.rb:64:in `call'
  rack (1.5.2) lib/rack/sendfile.rb:112:in `call'
  railties (4.1.0) lib/rails/engine.rb:514:in `call'
  railties (4.1.0) lib/rails/application.rb:144:in `call'
  rack (1.5.2) lib/rack/lock.rb:17:in `call'
  rack (1.5.2) lib/rack/content_length.rb:14:in `call'
  rack (1.5.2) lib/rack/handler/webrick.rb:60:in `service'
  /System/Library/Frameworks/Ruby.framework/Versions/2.0/usr/lib/ruby/2.0.0/webrick/httpserver.rb:138:in `service'
  /System/Library/Frameworks/Ruby.framework/Versions/2.0/usr/lib/ruby/2.0.0/webrick/httpserver.rb:94:in `run'
  /System/Library/Frameworks/Ruby.framework/Versions/2.0/usr/lib/ruby/2.0.0/webrick/server.rb:295:in `block in start_thread'


  Rendered /Library/Ruby/Gems/2.0.0/gems/actionpack-4.1.0/lib/action_dispatch/middleware/templates/rescues/_trace.html.erb (1.0ms)
  Rendered /Library/Ruby/Gems/2.0.0/gems/actionpack-4.1.0/lib/action_dispatch/middleware/templates/routes/_route.html.erb (1.3ms)
  Rendered /Library/Ruby/Gems/2.0.0/gems/actionpack-4.1.0/lib/action_dispatch/middleware/templates/routes/_table.html.erb (6.5ms)
  Rendered /Library/Ruby/Gems/2.0.0/gems/actionpack-4.1.0/lib/action_dispatch/middleware/templates/rescues/routing_error.html.erb within rescues/layout (30.9ms)


Started GET "/" for 127.0.0.1 at 2015-01-28 21:06:14 -0700
Processing by Rails::WelcomeController#index as HTML
  Rendered /Library/Ruby/Gems/2.0.0/gems/railties-4.1.0/lib/rails/templates/rails/welcome/index.html.erb (0.8ms)
Completed 200 OK in 22ms (Views: 2.9ms | ActiveRecord: 0.0ms)


Started GET "/" for 127.0.0.1 at 2015-01-28 21:18:20 -0700

NoMethodError (undefined method `to' for #<ActionDispatch::Routing::Mapper:0x007fd9fb8ae760>):
  config/routes.rb:3:in `block in <top (required)>'
  config/routes.rb:1:in `<top (required)>'


  Rendered /Library/Ruby/Gems/2.0.0/gems/actionpack-4.1.0/lib/action_dispatch/middleware/templates/rescues/_source.erb (1.0ms)
  Rendered /Library/Ruby/Gems/2.0.0/gems/actionpack-4.1.0/lib/action_dispatch/middleware/templates/rescues/_trace.html.erb (1.3ms)
  Rendered /Library/Ruby/Gems/2.0.0/gems/actionpack-4.1.0/lib/action_dispatch/middleware/templates/rescues/_request_and_response.html.erb (1.0ms)
  Rendered /Library/Ruby/Gems/2.0.0/gems/actionpack-4.1.0/lib/action_dispatch/middleware/templates/rescues/diagnostics.erb within rescues/layout (18.4ms)


Started GET "/" for 127.0.0.1 at 2015-01-28 21:18:38 -0700
Processing by UsersController#index as HTML
  Rendered users/index.html.erb within layouts/application (7.4ms)
Completed 500 Internal Server Error in 10ms

ActionView::Template::Error (undefined local variable or method `users' for #<#<Class:0x007fd9fcfb0968>:0x007fd9fd2698f8>):
    1: <h1>Your Matches!</h1>
    2: 
    3: <% users.each do %>
    4: 	<div class="match">
    5: 		<div class="avatar">
    6: 			<%= user.image %>
  app/views/users/index.html.erb:3:in `_app_views_users_index_html_erb__213914722060795475_70287115982980'


  Rendered /Library/Ruby/Gems/2.0.0/gems/actionpack-4.1.0/lib/action_dispatch/middleware/templates/rescues/_trace.html.erb (1.0ms)
  Rendered /Library/Ruby/Gems/2.0.0/gems/actionpack-4.1.0/lib/action_dispatch/middleware/templates/rescues/_request_and_response.html.erb (0.8ms)
  Rendered /Library/Ruby/Gems/2.0.0/gems/actionpack-4.1.0/lib/action_dispatch/middleware/templates/rescues/template_error.html.erb within rescues/layout (9.5ms)


Started GET "/" for 127.0.0.1 at 2015-01-28 21:19:35 -0700
Processing by UsersController#index as HTML
  [1m[35mUser Load (2.6ms)[0m  SELECT "users".* FROM "users"
  Rendered users/index.html.erb within layouts/application (9.8ms)
Completed 500 Internal Server Error in 12ms

ActionView::Template::Error (undefined local variable or method `users' for #<#<Class:0x007fd9fd5c0100>:0x007fd9fd5cb690>):
    1: <h1>Your Matches!</h1>
    2: 
    3: <% users.each do %>
    4: 	<div class="match">
    5: 		<div class="avatar">
    6: 			<%= user.image %>
  app/views/users/index.html.erb:3:in `_app_views_users_index_html_erb__213914722060795475_70287115982980'


  Rendered /Library/Ruby/Gems/2.0.0/gems/actionpack-4.1.0/lib/action_dispatch/middleware/templates/rescues/_trace.html.erb (0.9ms)
  Rendered /Library/Ruby/Gems/2.0.0/gems/actionpack-4.1.0/lib/action_dispatch/middleware/templates/rescues/_request_and_response.html.erb (0.8ms)
  Rendered /Library/Ruby/Gems/2.0.0/gems/actionpack-4.1.0/lib/action_dispatch/middleware/templates/rescues/template_error.html.erb within rescues/layout (9.1ms)


Started GET "/" for 127.0.0.1 at 2015-01-28 21:19:38 -0700
Processing by UsersController#index as HTML
  [1m[36mUser Load (0.5ms)[0m  [1mSELECT "users".* FROM "users"[0m
  Rendered users/index.html.erb within layouts/application (40.2ms)
Completed 500 Internal Server Error in 43ms

ActionView::Template::Error (undefined local variable or method `users' for #<#<Class:0x007fd9fd5c0100>:0x007fd9ff578290>):
    1: <h1>Your Matches!</h1>
    2: 
    3: <% users.each do %>
    4: 	<div class="match">
    5: 		<div class="avatar">
    6: 			<%= user.image %>
  app/views/users/index.html.erb:3:in `_app_views_users_index_html_erb__213914722060795475_70287115982980'


  Rendered /Library/Ruby/Gems/2.0.0/gems/actionpack-4.1.0/lib/action_dispatch/middleware/templates/rescues/_trace.html.erb (1.0ms)
  Rendered /Library/Ruby/Gems/2.0.0/gems/actionpack-4.1.0/lib/action_dispatch/middleware/templates/rescues/_request_and_response.html.erb (0.8ms)
  Rendered /Library/Ruby/Gems/2.0.0/gems/actionpack-4.1.0/lib/action_dispatch/middleware/templates/rescues/template_error.html.erb within rescues/layout (9.0ms)


Started GET "/" for 127.0.0.1 at 2015-01-28 21:19:41 -0700
Processing by UsersController#index as HTML
  [1m[35mUser Load (0.4ms)[0m  SELECT "users".* FROM "users"
  Rendered users/index.html.erb within layouts/application (7.5ms)
Completed 500 Internal Server Error in 11ms

ActionView::Template::Error (undefined local variable or method `users' for #<#<Class:0x007fd9fd5c0100>:0x007fd9ff3f56c0>):
    1: <h1>Your Matches!</h1>
    2: 
    3: <% users.each do %>
    4: 	<div class="match">
    5: 		<div class="avatar">
    6: 			<%= user.image %>
  app/views/users/index.html.erb:3:in `_app_views_users_index_html_erb__213914722060795475_70287115982980'


  Rendered /Library/Ruby/Gems/2.0.0/gems/actionpack-4.1.0/lib/action_dispatch/middleware/templates/rescues/_trace.html.erb (1.0ms)
  Rendered /Library/Ruby/Gems/2.0.0/gems/actionpack-4.1.0/lib/action_dispatch/middleware/templates/rescues/_request_and_response.html.erb (0.7ms)
  Rendered /Library/Ruby/Gems/2.0.0/gems/actionpack-4.1.0/lib/action_dispatch/middleware/templates/rescues/template_error.html.erb within rescues/layout (9.5ms)


Started GET "/" for 127.0.0.1 at 2015-01-28 21:19:42 -0700
Processing by UsersController#index as HTML
  [1m[36mUser Load (0.4ms)[0m  [1mSELECT "users".* FROM "users"[0m
  Rendered users/index.html.erb within layouts/application (8.5ms)
Completed 500 Internal Server Error in 11ms

ActionView::Template::Error (undefined local variable or method `users' for #<#<Class:0x007fd9fd5c0100>:0x007fd9fd5b2690>):
    1: <h1>Your Matches!</h1>
    2: 
    3: <% users.each do %>
    4: 	<div class="match">
    5: 		<div class="avatar">
    6: 			<%= user.image %>
  app/views/users/index.html.erb:3:in `_app_views_users_index_html_erb__213914722060795475_70287115982980'


  Rendered /Library/Ruby/Gems/2.0.0/gems/actionpack-4.1.0/lib/action_dispatch/middleware/templates/rescues/_trace.html.erb (31.4ms)
  Rendered /Library/Ruby/Gems/2.0.0/gems/actionpack-4.1.0/lib/action_dispatch/middleware/templates/rescues/_request_and_response.html.erb (0.8ms)
  Rendered /Library/Ruby/Gems/2.0.0/gems/actionpack-4.1.0/lib/action_dispatch/middleware/templates/rescues/template_error.html.erb within rescues/layout (40.1ms)


Started GET "/" for 127.0.0.1 at 2015-01-28 21:20:13 -0700
Processing by UsersController#index as HTML
  [1m[35mUser Load (0.3ms)[0m  SELECT "users".* FROM "users"
  Rendered users/index.html.erb within layouts/application (1.2ms)
Completed 200 OK in 715ms (Views: 713.5ms | ActiveRecord: 0.3ms)


Started GET "/assets/users.css?body=1" for 127.0.0.1 at 2015-01-28 21:20:14 -0700


Started GET "/assets/application.css?body=1" for 127.0.0.1 at 2015-01-28 21:20:14 -0700


Started GET "/assets/jquery.js?body=1" for 127.0.0.1 at 2015-01-28 21:20:14 -0700


Started GET "/assets/jquery_ujs.js?body=1" for 127.0.0.1 at 2015-01-28 21:20:14 -0700


Started GET "/assets/turbolinks.js?body=1" for 127.0.0.1 at 2015-01-28 21:20:14 -0700


Started GET "/assets/users.js?body=1" for 127.0.0.1 at 2015-01-28 21:20:14 -0700


Started GET "/assets/application.js?body=1" for 127.0.0.1 at 2015-01-28 21:20:14 -0700
